# JRE version: OpenJDK Runtime Environment (8.0_212-b04) (build 1.8.0_212-release-1586-b04)
# Java VM: OpenJDK 64-Bit Server VM (25.212-b04 mixed mode windows-amd64 compressed oops)
Heap:
 PSYoungGen      total 380416K, used 380356K [0x00000000e0000000, 0x00000000ffe00000, 0x0000000100000000)
  eden space 374272K, 100% used [0x00000000e0000000,0x00000000f6d80000,0x00000000f6d80000)
  from space 6144K, 99% used [0x00000000f6d80000,0x00000000f7371208,0x00000000f7380000)
  to   space 73728K, 2% used [0x00000000fb600000,0x00000000fb78b360,0x00000000ffe00000)
 ParOldGen       total 309248K, used 165376K [0x00000000a0000000, 0x00000000b2e00000, 0x00000000e0000000)
  object space 309248K, 53% used [0x00000000a0000000,0x00000000aa180308,0x00000000b2e00000)
 Metaspace       used 154841K, capacity 163732K, committed 163840K, reserved 1191936K
  class space    used 20205K, capacity 21950K, committed 22016K, reserved 1048576K
GC Heap History (10 events):
Event: 17164.485 GC heap before
{Heap before GC invocations=37 (full 4):
 PSYoungGen      total 440320K, used 389928K [0x00000000e0000000, 0x00000000ff980000, 0x0000000100000000)
  eden space 363008K, 100% used [0x00000000e0000000,0x00000000f6280000,0x00000000f6280000)
  from space 77312K, 34% used [0x00000000fae00000,0x00000000fc84a398,0x00000000ff980000)
  to   space 77312K, 0% used [0x00000000f6280000,0x00000000f6280000,0x00000000fae00000)
 ParOldGen       total 309248K, used 112827K [0x00000000a0000000, 0x00000000b2e00000, 0x00000000e0000000)
  object space 309248K, 36% used [0x00000000a0000000,0x00000000a6e2ec60,0x00000000b2e00000)
 Metaspace       used 154698K, capacity 163578K, committed 163840K, reserved 1191936K
  class space    used 20188K, capacity 21933K, committed 22016K, reserved 1048576K
Event: 17164.851 GC heap after
Heap after GC invocations=37 (full 4):
 PSYoungGen      total 440320K, used 25304K [0x00000000e0000000, 0x00000000ffc00000, 0x0000000100000000)
  eden space 363008K, 0% used [0x00000000e0000000,0x00000000e0000000,0x00000000f6280000)
  from space 77312K, 32% used [0x00000000f6280000,0x00000000f7b36098,0x00000000fae00000)
  to   space 75264K, 0% used [0x00000000fb280000,0x00000000fb280000,0x00000000ffc00000)
 ParOldGen       total 309248K, used 122998K [0x00000000a0000000, 0x00000000b2e00000, 0x00000000e0000000)
  object space 309248K, 39% used [0x00000000a0000000,0x00000000a781d968,0x00000000b2e00000)
 Metaspace       used 154698K, capacity 163578K, committed 163840K, reserved 1191936K
  class space    used 20188K, capacity 21933K, committed 22016K, reserved 1048576K
}
Event: 17165.389 GC heap before
{Heap before GC invocations=38 (full 4):
 PSYoungGen      total 440320K, used 388312K [0x00000000e0000000, 0x00000000ffc00000, 0x0000000100000000)
  eden space 363008K, 100% used [0x00000000e0000000,0x00000000f6280000,0x00000000f6280000)
  from space 77312K, 32% used [0x00000000f6280000,0x00000000f7b36098,0x00000000fae00000)
  to   space 75264K, 0% used [0x00000000fb280000,0x00000000fb280000,0x00000000ffc00000)
 ParOldGen       total 309248K, used 122998K [0x00000000a0000000, 0x00000000b2e00000, 0x00000000e0000000)
  object space 309248K, 39% used [0x00000000a0000000,0x00000000a781d968,0x00000000b2e00000)
 Metaspace       used 154709K, capacity 163578K, committed 163840K, reserved 1191936K
  class space    used 20188K, capacity 21933K, committed 22016K, reserved 1048576K
Event: 17165.432 GC heap after
Heap after GC invocations=38 (full 4):
 PSYoungGen      total 445440K, used 13739K [0x00000000e0000000, 0x00000000ffd00000, 0x0000000100000000)
  eden space 370176K, 0% used [0x00000000e0000000,0x00000000e0000000,0x00000000f6980000)
  from space 75264K, 18% used [0x00000000fb280000,0x00000000fbfeada0,0x00000000ffc00000)
  to   space 74752K, 0% used [0x00000000f6980000,0x00000000f6980000,0x00000000fb280000)
 ParOldGen       total 309248K, used 140466K [0x00000000a0000000, 0x00000000b2e00000, 0x00000000e0000000)
  object space 309248K, 45% used [0x00000000a0000000,0x00000000a892c908,0x00000000b2e00000)
 Metaspace       used 154709K, capacity 163578K, committed 163840K, reserved 1191936K
  class space    used 20188K, capacity 21933K, committed 22016K, reserved 1048576K
}
Event: 17165.920 GC heap before
{Heap before GC invocations=39 (full 4):
 PSYoungGen      total 445440K, used 383915K [0x00000000e0000000, 0x00000000ffd00000, 0x0000000100000000)
  eden space 370176K, 100% used [0x00000000e0000000,0x00000000f6980000,0x00000000f6980000)
  from space 75264K, 18% used [0x00000000fb280000,0x00000000fbfeada0,0x00000000ffc00000)
  to   space 74752K, 0% used [0x00000000f6980000,0x00000000f6980000,0x00000000fb280000)
 ParOldGen       total 309248K, used 140466K [0x00000000a0000000, 0x00000000b2e00000, 0x00000000e0000000)
  object space 309248K, 45% used [0x00000000a0000000,0x00000000a892c908,0x00000000b2e00000)
 Metaspace       used 154750K, capacity 163666K, committed 163840K, reserved 1191936K
  class space    used 20192K, capacity 21937K, committed 22016K, reserved 1048576K
Event: 17165.944 GC heap after
Heap after GC invocations=39 (full 4):
 PSYoungGen      total 444928K, used 7966K [0x00000000e0000000, 0x00000000fff80000, 0x0000000100000000)
  eden space 370176K, 0% used [0x00000000e0000000,0x00000000e0000000,0x00000000f6980000)
  from space 74752K, 10% used [0x00000000f6980000,0x00000000f71478e8,0x00000000fb280000)
  to   space 74752K, 0% used [0x00000000fb680000,0x00000000fb680000,0x00000000fff80000)
 ParOldGen       total 309248K, used 152798K [0x00000000a0000000, 0x00000000b2e00000, 0x00000000e0000000)
  object space 309248K, 49% used [0x00000000a0000000,0x00000000a9537838,0x00000000b2e00000)
 Metaspace       used 154750K, capacity 163666K, committed 163840K, reserved 1191936K
  class space    used 20192K, capacity 21937K, committed 22016K, reserved 1048576K
}
Event: 17166.486 GC heap before
{Heap before GC invocations=40 (full 4):
 PSYoungGen      total 444928K, used 378142K [0x00000000e0000000, 0x00000000fff80000, 0x0000000100000000)
  eden space 370176K, 100% used [0x00000000e0000000,0x00000000f6980000,0x00000000f6980000)
  from space 74752K, 10% used [0x00000000f6980000,0x00000000f71478e8,0x00000000fb280000)
  to   space 74752K, 0% used [0x00000000fb680000,0x00000000fb680000,0x00000000fff80000)
 ParOldGen       total 309248K, used 152798K [0x00000000a0000000, 0x00000000b2e00000, 0x00000000e0000000)
  object space 309248K, 49% used [0x00000000a0000000,0x00000000a9537838,0x00000000b2e00000)
 Metaspace       used 154755K, capacity 163670K, committed 163840K, reserved 1191936K
  class space    used 20192K, capacity 21937K, committed 22016K, reserved 1048576K
Event: 17166.514 GC heap after
Heap after GC invocations=40 (full 4):
 PSYoungGen      total 449024K, used 6384K [0x00000000e0000000, 0x0000000100000000, 0x0000000100000000)
  eden space 374272K, 0% used [0x00000000e0000000,0x00000000e0000000,0x00000000f6d80000)
  from space 74752K, 8% used [0x00000000fb680000,0x00000000fbcbc020,0x00000000fff80000)
  to   space 74752K, 0% used [0x00000000f6d80000,0x00000000f6d80000,0x00000000fb680000)
 ParOldGen       total 309248K, used 159796K [0x00000000a0000000, 0x00000000b2e00000, 0x00000000e0000000)
  object space 309248K, 51% used [0x00000000a0000000,0x00000000a9c0d190,0x00000000b2e00000)
 Metaspace       used 154755K, capacity 163670K, committed 163840K, reserved 1191936K
  class space    used 20192K, capacity 21937K, committed 22016K, reserved 1048576K
}
Event: 17167.054 GC heap before
{Heap before GC invocations=41 (full 4):
 PSYoungGen      total 449024K, used 380656K [0x00000000e0000000, 0x0000000100000000, 0x0000000100000000)
  eden space 374272K, 100% used [0x00000000e0000000,0x00000000f6d80000,0x00000000f6d80000)
  from space 74752K, 8% used [0x00000000fb680000,0x00000000fbcbc020,0x00000000fff80000)
  to   space 74752K, 0% used [0x00000000f6d80000,0x00000000f6d80000,0x00000000fb680000)
 ParOldGen       total 309248K, used 159796K [0x00000000a0000000, 0x00000000b2e00000, 0x00000000e0000000)
  object space 309248K, 51% used [0x00000000a0000000,0x00000000a9c0d190,0x00000000b2e00000)
 Metaspace       used 154821K, capacity 163732K, committed 163840K, reserved 1191936K
  class space    used 20203K, capacity 21950K, committed 22016K, reserved 1048576K
Event: 17167.097 GC heap after
Heap after GC invocations=41 (full 4):
 PSYoungGen      total 380416K, used 6084K [0x00000000e0000000, 0x00000000ffe00000, 0x0000000100000000)
  eden space 374272K, 0% used [0x00000000e0000000,0x00000000e0000000,0x00000000f6d80000)
  from space 6144K, 99% used [0x00000000f6d80000,0x00000000f7371208,0x00000000f7380000)
  to   space 73728K, 0% used [0x00000000fb600000,0x00000000fb600000,0x00000000ffe00000)
 ParOldGen       total 309248K, used 164576K [0x00000000a0000000, 0x00000000b2e00000, 0x00000000e0000000)
  object space 309248K, 53% used [0x00000000a0000000,0x00000000aa0b82e8,0x00000000b2e00000)
 Metaspace       used 154821K, capacity 163732K, committed 163840K, reserved 1191936K
  class space    used 20203K, capacity 21950K, committed 22016K, reserved 1048576K
}

